#
# A fatal error has been detected by the Java Runtime Environment:
#
#  Internal Error (javaClasses.cpp:129), pid=13864, tid=5184
#  fatal error: Invalid layout of preloaded class
#
# JRE version: 7.0_17-b02
# Java VM: Java HotSpot(TM) Client VM (23.7-b01 mixed mode windows-x86 )
# Failed to write core dump. Minidumps are not enabled by default on client versions of Windows
#
# If you would like to submit a bug report, please visit:
#   http://bugreport.sun.com/bugreport/crash.jsp
#

---------------  T H R E A D  ---------------

Current thread (0x01e7ac00):  JavaThread "Unknown thread" [_thread_in_vm, id=5184, stack(0x01090000,0x010e0000)]

Stack: [0x01090000,0x010e0000],  sp=0x010df550,  free space=317k
Native frames: (J=compiled Java code, j=interpreted, Vv=VM code, C=native code)
V  [jvm.dll+0x16f261]
V  [jvm.dll+0x1693d6]
V  [jvm.dll+0x2079f]
V  [jvm.dll+0x20826]
V  [jvm.dll+0x2e5bd]
V  [jvm.dll+0x2e869]
V  [jvm.dll+0x77ba1]
V  [jvm.dll+0x77f5b]
V  [jvm.dll+0x1290e1]
V  [jvm.dll+0x149b3a]
V  [jvm.dll+0xa98df]
C  [javaw.exe+0x13ca]
C  [javaw.exe+0x1e3c]
C  [javaw.exe+0xa5a1]
C  [javaw.exe+0xa62b]
C  [KERNEL32.DLL+0x1866]  BaseThreadInitThunk+0x12
C  [ntdll.dll+0x368f1]  LdrInitializeThunk+0x1a3
C  [ntdll.dll+0x3689d]  LdrInitializeThunk+0x14f


---------------  P R O C E S S  ---------------

Java Threads: ( => current thread )

Other Threads:

=>0x01e7ac00 (exited) JavaThread "Unknown thread" [_thread_in_vm, id=5184, stack(0x01090000,0x010e0000)]

VM state:not at safepoint (not fully initialized)

VM Mutex/Monitor currently owned by a thread: None

GC Heap History (0 events):
No events

Deoptimization events (0 events):
No events

Internal exceptions (0 events):
No events

Events (10 events):
Event: 0.518 loading class 0x01ea43c0 done
Event: 0.518 loading class 0x01e85370 done
Event: 0.518 loading class 0x01e85550
Event: 0.518 loading class 0x01eab1a0
Event: 0.539 loading class 0x01eab1a0 done
Event: 0.539 loading class 0x01eaad08
Event: 0.539 loading class 0x01eaad08 done
Event: 0.539 loading class 0x01ef0610
Event: 0.539 loading class 0x01ef0610 done
Event: 0.540 loading class 0x01e85550 done


Dynamic libraries:
0x01150000 - 0x0117f000 	C:\Program Files\Java\jre7\bin\javaw.exe
0x77300000 - 0x77467000 	C:\Windows\SYSTEM32\ntdll.dll
0x75b90000 - 0x75c88000 	C:\Windows\system32\KERNEL32.DLL
0x74ae0000 - 0x74b9d000 	C:\Windows\system32\KERNELBASE.dll
0x75d20000 - 0x75dce000 	C:\Windows\system32\ADVAPI32.dll
0x75440000 - 0x75561000 	C:\Windows\system32\USER32.dll
0x728e0000 - 0x72ad7000 	C:\Windows\WinSxS\x86_microsoft.windows.common-controls_6595b64144ccf1df_6.0.9200.16384_none_893961408605e985\COMCTL32.dll
0x75570000 - 0x75621000 	C:\Windows\system32\msvcrt.dll
0x759c0000 - 0x759f4000 	C:\Windows\SYSTEM32\sechost.dll
0x77070000 - 0x77142000 	C:\Windows\system32\RPCRT4.dll
0x75330000 - 0x7543a000 	C:\Windows\system32\GDI32.dll
0x75630000 - 0x7565b000 	C:\Windows\system32\IMM32.DLL
0x758e0000 - 0x759bd000 	C:\Windows\system32\MSCTF.dll
0x69200000 - 0x692be000 	C:\Program Files\Java\jre7\bin\msvcr100.dll
0x636c0000 - 0x63a0c000 	C:\Program Files\Java\jre7\bin\client\jvm.dll
0x72650000 - 0x72658000 	C:\Windows\SYSTEM32\WSOCK32.dll
0x6eee0000 - 0x6ef01000 	C:\Windows\SYSTEM32\WINMM.dll
0x75a90000 - 0x75a96000 	C:\Windows\system32\PSAPI.DLL
0x75dd0000 - 0x75e20000 	C:\Windows\system32\WS2_32.dll
0x6ed20000 - 0x6ed4a000 	C:\Windows\SYSTEM32\WINMMBASE.dll
0x772f0000 - 0x772f8000 	C:\Windows\system32\NSI.dll
0x72640000 - 0x7264c000 	C:\Program Files\Java\jre7\bin\verify.dll
0x72620000 - 0x72640000 	C:\Program Files\Java\jre7\bin\java.dll
0x72060000 - 0x72073000 	C:\Program Files\Java\jre7\bin\zip.dll
0x6c8d0000 - 0x6c9f9000 	C:\Windows\SYSTEM32\dbghelp.dll

VM Arguments:
jvm_args: -Dfile.encoding=UTF-8 -Xbootclasspath:D:\DevelopPrograms\adt-bundle-windows-x86-20130219\sdk\platforms\android-17\android.jar 
java_command: xmu.swordbearer.sinaplugin.uitl.TEST
Launcher Type: SUN_STANDARD

Environment Variables:
PATH=C:/Program Files/Java/jre7/bin/client;C:/Program Files/Java/jre7/bin;C:/Program Files/Java/jre7/lib/i386;C:\Windows\system32;C:\Windows;C:\Windows\System32\Wbem;C:\Windows\System32\WindowsPowerShell\v1.0\;D:\DevelopPrograms\TortoiseSVN\bin;C:\Program Files\Windows Live\Shared;D:\DevelopPrograms\adt-bundle-windows-x86-20130219\eclipse;
USERNAME=SwordBearers
OS=Windows_NT
PROCESSOR_IDENTIFIER=x86 Family 6 Model 42 Stepping 7, GenuineIntel



---------------  S Y S T E M  ---------------

OS: Windows 8 Build 9200 

CPU:total 4 (2 cores per cpu, 2 threads per core) family 6 model 42 stepping 7, cmov, cx8, fxsr, mmx, sse, sse2, sse3, ssse3, sse4.1, sse4.2, popcnt, avx, ht, tsc, tscinvbit

Memory: 4k page, physical 2000108k(222524k free), swap 5245208k(2177400k free)

vm_info: Java HotSpot(TM) Client VM (23.7-b01) for windows-x86 JRE (1.7.0_17-b02), built on Mar  1 2013 05:04:36 by "java_re" with unknown MS VC++:1600

time: Wed May 08 14:37:30 2013
elapsed time: 0 seconds

